<?xml version="1.0" encoding="UTF-8"?>
<!-- Generated by org.testng.reporters.JUnitXMLReporter -->
<testsuite ignored="0" hostname="LAPTOP-JGFOPR4G" failures="0" tests="4" name="Default test" time="10.966" errors="0" timestamp="2022-08-17T21:36:54 IST">
  <testcase classname="api.com.APItest" name="findpetstatus" time="1.658"/>
  <testcase classname="api.com.APItest" name="findpetstatus" time="1.787"/>
  <testcase classname="api.com.APItest" name="findpetstatus" time="1.504"/>
  <testcase classname="api.com.APItest" name="put" time="1.534"/>
</testsuite> <!-- Default test -->
