<?xml version="1.0" encoding="UTF-8"?>
<testng-results ignored="0" total="4" passed="4" failed="0" skipped="0">
  <reporter-output>
  </reporter-output>
  <suite started-at="2022-08-17T21:36:43 IST" name="Default suite" finished-at="2022-08-17T21:36:54 IST" duration-ms="10966">
    <groups>
    </groups>
    <test started-at="2022-08-17T21:36:43 IST" name="Default test" finished-at="2022-08-17T21:36:54 IST" duration-ms="10966">
      <class name="api.com.APItest">
        <test-method is-config="true" signature="Post()[pri:0, instance:api.com.APItest@ea6147e]" started-at="2022-08-17T21:36:43 IST" name="Post" finished-at="2022-08-17T21:36:46 IST" duration-ms="2973" status="PASS">
          <reporter-output>
          </reporter-output>
        </test-method> <!-- Post -->
        <test-method signature="findpetstatus(java.lang.String)[pri:1, instance:api.com.APItest@ea6147e]" started-at="2022-08-17T21:36:46 IST" name="findpetstatus" data-provider="status" finished-at="2022-08-17T21:36:47 IST" duration-ms="1658" status="PASS">
          <params>
            <param index="0">
              <value>
                <![CDATA[sold]]>
              </value>
            </param>
          </params>
          <reporter-output>
          </reporter-output>
        </test-method> <!-- findpetstatus -->
        <test-method signature="findpetstatus(java.lang.String)[pri:1, instance:api.com.APItest@ea6147e]" started-at="2022-08-17T21:36:47 IST" name="findpetstatus" data-provider="status" finished-at="2022-08-17T21:36:49 IST" duration-ms="1787" status="PASS">
          <params>
            <param index="0">
              <value>
                <![CDATA[available]]>
              </value>
            </param>
          </params>
          <reporter-output>
          </reporter-output>
        </test-method> <!-- findpetstatus -->
        <test-method signature="findpetstatus(java.lang.String)[pri:1, instance:api.com.APItest@ea6147e]" started-at="2022-08-17T21:36:49 IST" name="findpetstatus" data-provider="status" finished-at="2022-08-17T21:36:51 IST" duration-ms="1504" status="PASS">
          <params>
            <param index="0">
              <value>
                <![CDATA[pending]]>
              </value>
            </param>
          </params>
          <reporter-output>
          </reporter-output>
        </test-method> <!-- findpetstatus -->
        <test-method signature="put()[pri:2, instance:api.com.APItest@ea6147e]" started-at="2022-08-17T21:36:51 IST" name="put" finished-at="2022-08-17T21:36:52 IST" duration-ms="1534" status="PASS">
          <reporter-output>
          </reporter-output>
        </test-method> <!-- put -->
        <test-method is-config="true" signature="get()[pri:0, instance:api.com.APItest@ea6147e]" started-at="2022-08-17T21:36:52 IST" name="get" finished-at="2022-08-17T21:36:54 IST" duration-ms="1481" status="PASS">
          <reporter-output>
          </reporter-output>
        </test-method> <!-- get -->
      </class> <!-- api.com.APItest -->
    </test> <!-- Default test -->
  </suite> <!-- Default suite -->
</testng-results>
